<?xml version="1.0" encoding="UTF-8"?>
<!-- Generated by org.testng.reporters.JUnitXMLReporter -->
<testsuite ignored="0" hostname="DESKTOP-OKMCEFE" failures="0" tests="4" name="Default test" time="17.329" errors="0" timestamp="2022-10-11T00:05:16 IST">
  <testcase classname="pkg.Wappalyzer" name="clickResources" time="0.146"/>
  <testcase classname="pkg.Wappalyzer" name="clickTechnologies" time="0.246"/>
  <testcase classname="pkg.Wappalyzer" name="search" time="11.018"/>
  <testcase classname="pkg.Wappalyzer" name="clickLead" time="0.583"/>
</testsuite> <!-- Default test -->
