<?xml version="1.0" encoding="UTF-8"?>
<testng-results ignored="0" total="4" passed="4" failed="0" skipped="0">
  <reporter-output>
  </reporter-output>
  <suite started-at="2022-10-11T00:04:59 IST" name="Default suite" finished-at="2022-10-11T00:05:16 IST" duration-ms="17329">
    <groups>
    </groups>
    <test started-at="2022-10-11T00:04:59 IST" name="Default test" finished-at="2022-10-11T00:05:16 IST" duration-ms="17329">
      <class name="pkg.Wappalyzer">
        <test-method is-config="true" signature="setup()[pri:0, instance:pkg.Wappalyzer@45099dd3]" started-at="2022-10-11T00:04:59 IST" name="setup" finished-at="2022-10-11T00:05:04 IST" duration-ms="5245" status="PASS">
          <reporter-output>
          </reporter-output>
        </test-method> <!-- setup -->
        <test-method signature="clickResources()[pri:1, instance:pkg.Wappalyzer@45099dd3]" started-at="2022-10-11T00:05:04 IST" name="clickResources" finished-at="2022-10-11T00:05:04 IST" duration-ms="146" status="PASS">
          <reporter-output>
          </reporter-output>
        </test-method> <!-- clickResources -->
        <test-method signature="clickTechnologies()[pri:2, instance:pkg.Wappalyzer@45099dd3]" started-at="2022-10-11T00:05:04 IST" name="clickTechnologies" finished-at="2022-10-11T00:05:05 IST" duration-ms="246" status="PASS">
          <reporter-output>
          </reporter-output>
        </test-method> <!-- clickTechnologies -->
        <test-method signature="search()[pri:3, instance:pkg.Wappalyzer@45099dd3]" started-at="2022-10-11T00:05:05 IST" name="search" finished-at="2022-10-11T00:05:16 IST" duration-ms="11018" status="PASS">
          <reporter-output>
          </reporter-output>
        </test-method> <!-- search -->
        <test-method signature="clickLead()[pri:4, instance:pkg.Wappalyzer@45099dd3]" started-at="2022-10-11T00:05:16 IST" name="clickLead" finished-at="2022-10-11T00:05:16 IST" duration-ms="583" status="PASS">
          <reporter-output>
          </reporter-output>
        </test-method> <!-- clickLead -->
      </class> <!-- pkg.Wappalyzer -->
    </test> <!-- Default test -->
  </suite> <!-- Default suite -->
</testng-results>
